<?xml version="1.0" encoding="UTF-8"?>
<!-- Generated by org.testng.reporters.JUnitReportReporter -->
<testsuite skipped="0" hostname="DESKTOP-4TKG998" name="com.openmrs.tests.AdminDashBoardPageTest" tests="4" failures="0" timestamp="04 Jan 2021 02:10:48 GMT" time="0.415" errors="0">
  <testcase name="verifyLoginAsAdminTest" time="0.062" classname="com.openmrs.tests.AdminDashBoardPageTest"/>
  <testcase name="verifyLocationTest" time="0.062" classname="com.openmrs.tests.AdminDashBoardPageTest"/>
  <testcase name="verifyAppsTest" time="0.236" classname="com.openmrs.tests.AdminDashBoardPageTest"/>
  <testcase name="verifyLogoutTest" time="0.055" classname="com.openmrs.tests.AdminDashBoardPageTest"/>
</testsuite> <!-- com.openmrs.tests.AdminDashBoardPageTest -->
