<?xml version="1.0" encoding="UTF-8"?>
<!-- Generated by org.testng.reporters.JUnitReportReporter -->
<testsuite skipped="0" hostname="DESKTOP-4TKG998" name="com.openmrs.tests.LoginPageTest" tests="8" failures="0" timestamp="04 Jan 2021 02:25:04 GMT" time="7.118" errors="1">
  <testcase name="verifyLogoTest" time="3.138" classname="com.openmrs.tests.LoginPageTest"/>
  <testcase name="verifyPageTitleTest" time="0.006" classname="com.openmrs.tests.LoginPageTest"/>
  <testcase name="verifyLocationListTest" time="0.119" classname="com.openmrs.tests.LoginPageTest"/>
  <testcase name="verifyLoginBtnStatusTest" time="0.046" classname="com.openmrs.tests.LoginPageTest"/>
  <testcase name="verifyCantLoginLinkTest" time="0.079" classname="com.openmrs.tests.LoginPageTest"/>
  <testcase name="verifyMsgLoginWithoutCredTest" time="0.141" classname="com.openmrs.tests.LoginPageTest"/>
  <testcase name="verifyMsgLoginWithoutCredWithLocTest" time="0.583" classname="com.openmrs.tests.LoginPageTest"/>
  <testcase name="loginTest" time="3.006" classname="com.openmrs.tests.LoginPageTest">
    <error type="java.lang.NullPointerException">
      <![CDATA[java.lang.NullPointerException
at com.openmrs.tests.LoginPageTest.loginTest(LoginPageTest.java:49)
at sun.reflect.NativeMethodAccessorImpl.invoke0(Native Method)
at sun.reflect.NativeMethodAccessorImpl.invoke(NativeMethodAccessorImpl.java:62)
at sun.reflect.DelegatingMethodAccessorImpl.invoke(DelegatingMethodAccessorImpl.java:43)
at java.lang.reflect.Method.invoke(Method.java:498)
at org.testng.internal.MethodInvocationHelper.invokeMethod(MethodInvocationHelper.java:124)
at org.testng.internal.Invoker.invokeMethod(Invoker.java:583)
at org.testng.internal.Invoker.invokeTestMethod(Invoker.java:719)
at org.testng.internal.Invoker.invokeTestMethods(Invoker.java:989)
at org.testng.internal.TestMethodWorker.invokeTestMethods(TestMethodWorker.java:125)
at org.testng.internal.TestMethodWorker.run(TestMethodWorker.java:109)
at org.testng.TestRunner.privateRun(TestRunner.java:648)
at org.testng.TestRunner.run(TestRunner.java:505)
at org.testng.SuiteRunner.runTest(SuiteRunner.java:455)
at org.testng.SuiteRunner.runSequentially(SuiteRunner.java:450)
at org.testng.SuiteRunner.privateRun(SuiteRunner.java:415)
at org.testng.SuiteRunner.run(SuiteRunner.java:364)
at org.testng.SuiteRunnerWorker.runSuite(SuiteRunnerWorker.java:52)
at org.testng.SuiteRunnerWorker.run(SuiteRunnerWorker.java:84)
at org.testng.TestNG.runSuitesSequentially(TestNG.java:1208)
at org.testng.TestNG.runSuitesLocally(TestNG.java:1137)
at org.testng.TestNG.runSuites(TestNG.java:1049)
at org.testng.TestNG.run(TestNG.java:1017)
at org.testng.remote.AbstractRemoteTestNG.run(AbstractRemoteTestNG.java:115)
at org.testng.remote.RemoteTestNG.initAndRun(RemoteTestNG.java:251)
at org.testng.remote.RemoteTestNG.main(RemoteTestNG.java:77)
]]>
    </error>
  </testcase> <!-- loginTest -->
</testsuite> <!-- com.openmrs.tests.LoginPageTest -->
